<?xml version="1.0" encoding="UTF-8"?>
<!-- Generated by org.testng.reporters.JUnitXMLReporter -->
<testsuite ignored="0" hostname="Prashant" failures="2" tests="16" name="Indiamart Help Testcases" time="50.372" errors="0" timestamp="2025-06-03T22:36:20 IST">
  <testcase classname="com.indiamart.qa.testcases.SigninTest" name="VerifySigninWithValidCredentials" time="0.415"/>
  <testcase classname="com.indiamart.qa.testcases.SigninTest" name="VerifySigninWithValidCredentials" time="0.588"/>
  <testcase classname="com.indiamart.qa.testcases.SigninTest" name="VerifySigninWithValidCredentials" time="0.636"/>
  <testcase classname="com.indiamart.qa.testcases.SigninTest" name="VerifySigninWithValidCredentials" time="0.694"/>
  <testcase classname="com.indiamart.qa.testcases.SearchTest" name="searchwithvalidinputs" time="1.248"/>
  <testcase classname="com.indiamart.qa.testcases.SearchTest" name="searchwithvalidinputs" time="1.245"/>
  <testcase classname="com.indiamart.qa.testcases.SearchTest" name="searchwithvalidinputs" time="1.348"/>
  <testcase classname="com.indiamart.qa.testcases.RegisterTest" name="verifyRegisteringonhelp" time="1.194">
    <failure type="org.openqa.selenium.ElementNotInteractableException" message="element not interactable: [object HTMLParagraphElement] has no size and location
  (Session info: chrome=137.0.7151.68)
Build info: version: &amp;apos;4.32.0&amp;apos;, revision: &amp;apos;d17c8aa950&amp;apos;
System info: os.name: &amp;apos;Windows 11&amp;apos;, os.arch: &amp;apos;amd64&amp;apos;, os.version: &amp;apos;10.0&amp;apos;, java.version: &amp;apos;21.0.7&amp;apos;
Driver info: org.openqa.selenium.chrome.ChromeDriver
Command: [b9b97d35fcde6059a0856fe81760d1ec, actions {actions=[org.openqa.selenium.interactions.Sequence@79ae6f9a]}]
Capabilities {acceptInsecureCerts: false, browserName: chrome, browserVersion: 137.0.7151.68, chrome: {chromedriverVersion: 137.0.7151.68 (2989ffee9373..., userDataDir: C:\Users\VICTUS\AppData\Loc...}, fedcm:accounts: true, goog:chromeOptions: {debuggerAddress: localhost:50669}, networkConnectionEnabled: false, pageLoadStrategy: normal, platformName: windows, proxy: Proxy(), se:cdp: ws://localhost:50669/devtoo..., se:cdpVersion: 137.0.7151.68, setWindowRect: true, strictFileInteractability: false, timeouts: {implicit: 0, pageLoad: 300000, script: 30000}, unhandledPromptBehavior: dismiss and notify, webauthn:extension:credBlob: true, webauthn:extension:largeBlob: true, webauthn:extension:minPinLength: true, webauthn:extension:prf: true, webauthn:virtualAuthenticators: true}
Session ID: b9b97d35fcde6059a0856fe81760d1ec">
      <![CDATA[org.openqa.selenium.ElementNotInteractableException: element not interactable: [object HTMLParagraphElement] has no size and location
  (Session info: chrome=137.0.7151.68)
Build info: version: '4.32.0', revision: 'd17c8aa950'
System info: os.name: 'Windows 11', os.arch: 'amd64', os.version: '10.0', java.version: '21.0.7'
Driver info: org.openqa.selenium.chrome.ChromeDriver
Command: [b9b97d35fcde6059a0856fe81760d1ec, actions {actions=[org.openqa.selenium.interactions.Sequence@79ae6f9a]}]
Capabilities {acceptInsecureCerts: false, browserName: chrome, browserVersion: 137.0.7151.68, chrome: {chromedriverVersion: 137.0.7151.68 (2989ffee9373..., userDataDir: C:\Users\VICTUS\AppData\Loc...}, fedcm:accounts: true, goog:chromeOptions: {debuggerAddress: localhost:50669}, networkConnectionEnabled: false, pageLoadStrategy: normal, platformName: windows, proxy: Proxy(), se:cdp: ws://localhost:50669/devtoo..., se:cdpVersion: 137.0.7151.68, setWindowRect: true, strictFileInteractability: false, timeouts: {implicit: 0, pageLoad: 300000, script: 30000}, unhandledPromptBehavior: dismiss and notify, webauthn:extension:credBlob: true, webauthn:extension:largeBlob: true, webauthn:extension:minPinLength: true, webauthn:extension:prf: true, webauthn:virtualAuthenticators: true}
Session ID: b9b97d35fcde6059a0856fe81760d1ec
at org.openqa.selenium.remote.ErrorCodec.decode(ErrorCodec.java:167)
at org.openqa.selenium.remote.codec.w3c.W3CHttpResponseCodec.decode(W3CHttpResponseCodec.java:138)
at org.openqa.selenium.remote.codec.w3c.W3CHttpResponseCodec.decode(W3CHttpResponseCodec.java:50)
at org.openqa.selenium.remote.HttpCommandExecutor.execute(HttpCommandExecutor.java:215)
at org.openqa.selenium.remote.service.DriverCommandExecutor.invokeExecute(DriverCommandExecutor.java:216)
at org.openqa.selenium.remote.service.DriverCommandExecutor.execute(DriverCommandExecutor.java:174)
at org.openqa.selenium.remote.RemoteWebDriver.execute(RemoteWebDriver.java:545)
at org.openqa.selenium.remote.RemoteWebDriver.perform(RemoteWebDriver.java:631)
at org.openqa.selenium.interactions.Actions$BuiltAction.perform(Actions.java:616)
at com.indiamart.qa.testcases.RegisterTest.verifyRegisteringonhelp(RegisterTest.java:46)
at java.base/java.util.ArrayList.forEach(ArrayList.java:1596)
at java.base/java.util.concurrent.FutureTask.run(FutureTask.java:317)
at java.base/java.util.concurrent.ThreadPoolExecutor.runWorker(ThreadPoolExecutor.java:1144)
at java.base/java.util.concurrent.ThreadPoolExecutor$Worker.run(ThreadPoolExecutor.java:642)
at java.base/java.lang.Thread.run(Thread.java:1583)
... Removed 18 stack frames]]>
    </failure>
  </testcase> <!-- verifyRegisteringonhelp -->
  <testcase classname="com.indiamart.qa.testcases.SigninTest" name="VerifySigninWithInValidCredentials" time="0.573"/>
  <testcase classname="com.indiamart.qa.testcases.SearchTest" name="searchwithinvalidinputs" time="1.29"/>
  <testcase classname="com.indiamart.qa.testcases.SearchTest" name="searchwithinvalidinputs" time="1.216"/>
  <testcase classname="com.indiamart.qa.testcases.SearchTest" name="searchwithinvalidinputs" time="1.234"/>
  <testcase classname="com.indiamart.qa.testcases.RegisterTest" name="verifyRegisteringwithinvalidCredentials" time="1.151">
    <failure type="org.openqa.selenium.ElementNotInteractableException" message="element not interactable: [object HTMLParagraphElement] has no size and location
  (Session info: chrome=137.0.7151.68)
Build info: version: &amp;apos;4.32.0&amp;apos;, revision: &amp;apos;d17c8aa950&amp;apos;
System info: os.name: &amp;apos;Windows 11&amp;apos;, os.arch: &amp;apos;amd64&amp;apos;, os.version: &amp;apos;10.0&amp;apos;, java.version: &amp;apos;21.0.7&amp;apos;
Driver info: org.openqa.selenium.chrome.ChromeDriver
Command: [01d470d5bfbed9e530c3e2b8d1f12ac1, actions {actions=[org.openqa.selenium.interactions.Sequence@3ee96d5a]}]
Capabilities {acceptInsecureCerts: false, browserName: chrome, browserVersion: 137.0.7151.68, chrome: {chromedriverVersion: 137.0.7151.68 (2989ffee9373..., userDataDir: C:\Users\VICTUS\AppData\Loc...}, fedcm:accounts: true, goog:chromeOptions: {debuggerAddress: localhost:50842}, networkConnectionEnabled: false, pageLoadStrategy: normal, platformName: windows, proxy: Proxy(), se:cdp: ws://localhost:50842/devtoo..., se:cdpVersion: 137.0.7151.68, setWindowRect: true, strictFileInteractability: false, timeouts: {implicit: 0, pageLoad: 300000, script: 30000}, unhandledPromptBehavior: dismiss and notify, webauthn:extension:credBlob: true, webauthn:extension:largeBlob: true, webauthn:extension:minPinLength: true, webauthn:extension:prf: true, webauthn:virtualAuthenticators: true}
Session ID: 01d470d5bfbed9e530c3e2b8d1f12ac1">
      <![CDATA[org.openqa.selenium.ElementNotInteractableException: element not interactable: [object HTMLParagraphElement] has no size and location
  (Session info: chrome=137.0.7151.68)
Build info: version: '4.32.0', revision: 'd17c8aa950'
System info: os.name: 'Windows 11', os.arch: 'amd64', os.version: '10.0', java.version: '21.0.7'
Driver info: org.openqa.selenium.chrome.ChromeDriver
Command: [01d470d5bfbed9e530c3e2b8d1f12ac1, actions {actions=[org.openqa.selenium.interactions.Sequence@3ee96d5a]}]
Capabilities {acceptInsecureCerts: false, browserName: chrome, browserVersion: 137.0.7151.68, chrome: {chromedriverVersion: 137.0.7151.68 (2989ffee9373..., userDataDir: C:\Users\VICTUS\AppData\Loc...}, fedcm:accounts: true, goog:chromeOptions: {debuggerAddress: localhost:50842}, networkConnectionEnabled: false, pageLoadStrategy: normal, platformName: windows, proxy: Proxy(), se:cdp: ws://localhost:50842/devtoo..., se:cdpVersion: 137.0.7151.68, setWindowRect: true, strictFileInteractability: false, timeouts: {implicit: 0, pageLoad: 300000, script: 30000}, unhandledPromptBehavior: dismiss and notify, webauthn:extension:credBlob: true, webauthn:extension:largeBlob: true, webauthn:extension:minPinLength: true, webauthn:extension:prf: true, webauthn:virtualAuthenticators: true}
Session ID: 01d470d5bfbed9e530c3e2b8d1f12ac1
at org.openqa.selenium.remote.ErrorCodec.decode(ErrorCodec.java:167)
at org.openqa.selenium.remote.codec.w3c.W3CHttpResponseCodec.decode(W3CHttpResponseCodec.java:138)
at org.openqa.selenium.remote.codec.w3c.W3CHttpResponseCodec.decode(W3CHttpResponseCodec.java:50)
at org.openqa.selenium.remote.HttpCommandExecutor.execute(HttpCommandExecutor.java:215)
at org.openqa.selenium.remote.service.DriverCommandExecutor.invokeExecute(DriverCommandExecutor.java:216)
at org.openqa.selenium.remote.service.DriverCommandExecutor.execute(DriverCommandExecutor.java:174)
at org.openqa.selenium.remote.RemoteWebDriver.execute(RemoteWebDriver.java:545)
at org.openqa.selenium.remote.RemoteWebDriver.perform(RemoteWebDriver.java:631)
at org.openqa.selenium.interactions.Actions$BuiltAction.perform(Actions.java:616)
at com.indiamart.qa.testcases.RegisterTest.verifyRegisteringwithinvalidCredentials(RegisterTest.java:66)
at java.base/java.util.ArrayList.forEach(ArrayList.java:1596)
at java.base/java.util.concurrent.FutureTask.run(FutureTask.java:317)
at java.base/java.util.concurrent.ThreadPoolExecutor.runWorker(ThreadPoolExecutor.java:1144)
at java.base/java.util.concurrent.ThreadPoolExecutor$Worker.run(ThreadPoolExecutor.java:642)
at java.base/java.lang.Thread.run(Thread.java:1583)
... Removed 18 stack frames]]>
    </failure>
  </testcase> <!-- verifyRegisteringwithinvalidCredentials -->
  <testcase classname="com.indiamart.qa.testcases.SigninTest" name="VerifySigninWithNoCredentials" time="0.615"/>
  <testcase classname="com.indiamart.qa.testcases.SearchTest" name="searchwithnoinputs" time="0.735"/>
  <testcase classname="com.indiamart.qa.testcases.RegisterTest" name="verifyRegisteringwithnoCredentials" time="0.0">
    <skipped/>
  </testcase> <!-- verifyRegisteringwithnoCredentials -->
</testsuite> <!-- Indiamart Help Testcases -->
